<?xml version="1.0" encoding="UTF-8"?>
<!-- Generated by org.testng.reporters.JUnitReportReporter -->
<testsuite skipped="0" hostname="LAPTOP-5I8UCAMO" name="com.learnautomation.testcases.Testcase1" tests="3" failures="0" timestamp="2023-03-18T19:26:11 GMT" time="4.215" errors="0">
  <testcase name="test1" time="4.211" classname="com.learnautomation.testcases.Testcase1"/>
  <system-out/>
  <testcase name="test2" time="0.002" classname="com.learnautomation.testcases.Testcase1"/>
  <system-out/>
  <testcase name="test3" time="0.002" classname="com.learnautomation.testcases.Testcase1"/>
  <system-out/>
</testsuite> <!-- com.learnautomation.testcases.Testcase1 -->
