<?xml version="1.0" encoding="UTF-8"?>
<!-- Generated by org.testng.reporters.JUnitReportReporter -->
<testsuite skipped="0" hostname="LAPTOP-5I8UCAMO" name="com.learnautomation.testcases.Testcase2" tests="2" failures="0" timestamp="2023-07-01T10:41:28 BST" time="0.004" errors="0">
  <testcase name="test4" time="0.002" classname="com.learnautomation.testcases.Testcase2"/>
  <system-out/>
  <testcase name="test5" time="0.002" classname="com.learnautomation.testcases.Testcase2"/>
  <system-out/>
</testsuite> <!-- com.learnautomation.testcases.Testcase2 -->
